GowinSynthesis start
Running parser ...
Analyzing Verilog file '/home/verilog/gowin/IDE/ipcore/DVI_TX/data/dvi_tx_top.v'
Analyzing included file 'top_define.v'("/home/verilog/gowin/IDE/ipcore/DVI_TX/data/dvi_tx_top.v":26)
Back to file '/home/verilog/gowin/IDE/ipcore/DVI_TX/data/dvi_tx_top.v'("/home/verilog/gowin/IDE/ipcore/DVI_TX/data/dvi_tx_top.v":26)
Analyzing included file '/home/verilog/gowin/IDE/ipcore/DVI_TX/data/static_macro_define.v'("/home/verilog/gowin/IDE/ipcore/DVI_TX/data/dvi_tx_top.v":27)
Back to file '/home/verilog/gowin/IDE/ipcore/DVI_TX/data/dvi_tx_top.v'("/home/verilog/gowin/IDE/ipcore/DVI_TX/data/dvi_tx_top.v":27)
Analyzing included file 'dvi_tx_defines.v'("/home/verilog/gowin/IDE/ipcore/DVI_TX/data/dvi_tx_top.v":28)
Back to file '/home/verilog/gowin/IDE/ipcore/DVI_TX/data/dvi_tx_top.v'("/home/verilog/gowin/IDE/ipcore/DVI_TX/data/dvi_tx_top.v":28)
Analyzing Verilog file '/home/verilog/gowin/IDE/ipcore/DVI_TX/data/rgb2dvi.v'
Analyzing included file 'top_define.v'("/home/verilog/gowin/IDE/ipcore/DVI_TX/data/rgb2dvi.v":559)
Back to file '/home/verilog/gowin/IDE/ipcore/DVI_TX/data/rgb2dvi.v'("/home/verilog/gowin/IDE/ipcore/DVI_TX/data/rgb2dvi.v":559)
Analyzing included file '/home/verilog/gowin/IDE/ipcore/DVI_TX/data/static_macro_define.v'("/home/verilog/gowin/IDE/ipcore/DVI_TX/data/rgb2dvi.v":559)
Back to file '/home/verilog/gowin/IDE/ipcore/DVI_TX/data/rgb2dvi.v'("/home/verilog/gowin/IDE/ipcore/DVI_TX/data/rgb2dvi.v":559)
Analyzing included file 'dvi_tx_defines.v'("/home/verilog/gowin/IDE/ipcore/DVI_TX/data/rgb2dvi.v":559)
Back to file '/home/verilog/gowin/IDE/ipcore/DVI_TX/data/rgb2dvi.v'("/home/verilog/gowin/IDE/ipcore/DVI_TX/data/rgb2dvi.v":559)
Compiling module 'DVI_TX_Top'("/home/verilog/gowin/IDE/ipcore/DVI_TX/data/dvi_tx_top.v":30)
Compiling module '**'("/home/verilog/gowin/IDE/ipcore/DVI_TX/data/rgb2dvi.v":0)
Compiling module '**'("/home/verilog/gowin/IDE/ipcore/DVI_TX/data/rgb2dvi.v":0)
WARN  (EX3791) : Expression size ** truncated to fit in target size **("/home/verilog/gowin/IDE/ipcore/DVI_TX/data/rgb2dvi.v":0)
NOTE  (EX0101) : Current top module is "DVI_TX_Top"
[5%] Running netlist conversion ...
Running device independent optimization ...
[10%] Optimizing Phase 0 completed
[15%] Optimizing Phase 1 completed
[25%] Optimizing Phase 2 completed
Running inference ...
[30%] Inferring Phase 0 completed
[40%] Inferring Phase 1 completed
[50%] Inferring Phase 2 completed
[55%] Inferring Phase 3 completed
Running technical mapping ...
[60%] Tech-Mapping Phase 0 completed
[65%] Tech-Mapping Phase 1 completed
[75%] Tech-Mapping Phase 2 completed
[80%] Tech-Mapping Phase 3 completed
[90%] Tech-Mapping Phase 4 completed
[95%] Generate netlist file "/home/verilog/Desktop/pk_repo/new_graphics/basics-graphics-music/boards/tang_primer_25k_dock_dvi/dvi_tx/temp/DviTx/dvi_tx.vg" completed
Generate template file "/home/verilog/Desktop/pk_repo/new_graphics/basics-graphics-music/boards/tang_primer_25k_dock_dvi/dvi_tx/temp/DviTx/dvi_tx_tmp.v" completed
[100%] Generate report file "/home/verilog/Desktop/pk_repo/new_graphics/basics-graphics-music/boards/tang_primer_25k_dock_dvi/dvi_tx/temp/DviTx/dvi_tx_syn.rpt.html" completed
GowinSynthesis finish
