#! /c/Source/iverilog-install/bin/vvp
:ivl_version "12.0 (devel)" "(s20150603-1539-g2693dd32b)";
:ivl_delay_selection "TYPICAL";
:vpi_time_precision - 9;
:vpi_module "C:\iverilog\lib\ivl\system.vpi";
:vpi_module "C:\iverilog\lib\ivl\vhdl_sys.vpi";
:vpi_module "C:\iverilog\lib\ivl\vhdl_textio.vpi";
:vpi_module "C:\iverilog\lib\ivl\v2005_math.vpi";
:vpi_module "C:\iverilog\lib\ivl\va_math.vpi";
:vpi_module "C:\iverilog\lib\ivl\v2009.vpi";
S_000002551cf5a7d0 .scope package, "$unit" "$unit" 2 1;
 .timescale 0 0;
S_000002551cf6ac70 .scope module, "testbench" "testbench" 3 5;
 .timescale -9 -9;
v000002551cf61e80_0 .var "clk", 0 0;
v000002551cf61b60_0 .var "rst", 0 0;
v000002551cf61c00_0 .net "ry", 11 0, v000002551cf61840_0;  1 drivers
v000002551cf62100_0 .net "text_symbol", 12 0, L_000002551cf6b760;  1 drivers
v000002551cf61f20_0 .var "text_symbol_r", 12 0;
v000002551cf622e0_0 .var "x", 11 0;
v000002551cf61980_0 .var "y", 11 0;
E_000002551cf566c0 .event anyedge, v000002551cf61570_0;
S_000002551cf6ae00 .scope begin, "$ivl_for_loop0" "$ivl_for_loop0" 3 34, 3 34 0, S_000002551cf6ac70;
 .timescale -9 -9;
v000002551cf56c80_0 .var/2s "i", 31 0;
E_000002551cf56200 .event posedge, v000002551cf61570_0;
S_000002551cf613e0 .scope module, "uut" "my_module" 3 61, 4 1 0, S_000002551cf6ac70;
 .timescale 0 0;
    .port_info 0 /INPUT 1 "clk";
    .port_info 1 /INPUT 1 "rst";
    .port_info 2 /INPUT 12 "x";
    .port_info 3 /INPUT 12 "y";
    .port_info 4 /OUTPUT 13 "text_symbol";
    .port_info 5 /OUTPUT 12 "ry";
L_000002551cf6b760 .functor BUFZ 13, v000002551cf61ac0_0, C4<0000000000000>, C4<0000000000000>, C4<0000000000000>;
L_000002551cfc6098 .functor BUFT 1, C4<001001111101>, C4<0>, C4<0>, C4<0>;
v000002551cf32b90_0 .net/2u *"_ivl_12", 11 0, L_000002551cfc6098;  1 drivers
v000002551cf32910_0 .net *"_ivl_2", 8 0, L_000002551cf62420;  1 drivers
L_000002551cfc6008 .functor BUFT 1, C4<000>, C4<0>, C4<0>, C4<0>;
v000002551cf58d30_0 .net *"_ivl_4", 2 0, L_000002551cfc6008;  1 drivers
v000002551cf58dd0_0 .net *"_ivl_7", 2 0, L_000002551cf624c0;  1 drivers
L_000002551cfc6050 .functor BUFT 1, C4<100>, C4<0>, C4<0>, C4<0>;
v000002551cf6af90_0 .net/2u *"_ivl_8", 2 0, L_000002551cfc6050;  1 drivers
v000002551cf6b030_0 .var "character", 7 0;
v000002551cf61570_0 .net "clk", 0 0, v000002551cf61e80_0;  1 drivers
v000002551cf61610_0 .net "end_of_row", 0 0, L_000002551cf62600;  1 drivers
v000002551cf616b0_0 .net "row", 11 0, L_000002551cf61ca0;  1 drivers
v000002551cf61fc0_0 .var "row_in_ram", 10 0;
v000002551cf621a0_0 .net "rst", 0 0, v000002551cf61b60_0;  1 drivers
v000002551cf61840_0 .var "ry", 11 0;
v000002551cf626a0_0 .net "start", 0 0, L_000002551cf62560;  1 drivers
v000002551cf62060 .array "text_mem", 4799 0, 7 0;
v000002551cf618e0_0 .net "text_symbol", 12 0, L_000002551cf6b760;  alias, 1 drivers
v000002551cf61ac0_0 .var "text_symbol_r", 12 0;
v000002551cf62240_0 .net "x", 11 0, v000002551cf622e0_0;  1 drivers
v000002551cf62380_0 .net "y", 11 0, v000002551cf61980_0;  1 drivers
L_000002551cf62420 .part v000002551cf61980_0, 3, 9;
L_000002551cf61ca0 .concat [ 9 3 0 0], L_000002551cf62420, L_000002551cfc6008;
L_000002551cf624c0 .part v000002551cf622e0_0, 0, 3;
L_000002551cf62560 .cmp/eq 3, L_000002551cf624c0, L_000002551cfc6050;
L_000002551cf62600 .cmp/eq 12, v000002551cf622e0_0, L_000002551cfc6098;
    .scope S_000002551cf613e0;
T_0 ;
    %vpi_call/w 4 12 "$readmemh", "text.mem8", v000002551cf62060 {0 0 0};
    %end;
    .thread T_0;
    .scope S_000002551cf613e0;
T_1 ;
    %wait E_000002551cf56200;
    %load/vec4 v000002551cf61610_0;
    %flag_set/vec4 8;
    %jmp/0xz  T_1.0, 8;
    %load/vec4 v000002551cf62380_0;
    %pad/u 32;
    %addi 1, 0, 32;
    %ix/load 4, 3, 0;
    %flag_set/imm 4, 0;
    %shiftr 4;
    %ix/load 4, 6, 0;
    %flag_set/imm 4, 0;
    %shiftl 4;
    %load/vec4 v000002551cf62380_0;
    %pad/u 32;
    %addi 1, 0, 32;
    %ix/load 4, 3, 0;
    %flag_set/imm 4, 0;
    %shiftr 4;
    %ix/load 4, 4, 0;
    %flag_set/imm 4, 0;
    %shiftl 4;
    %add;
    %pad/u 13;
    %assign/vec4 v000002551cf61ac0_0, 0;
    %load/vec4 v000002551cf62380_0;
    %addi 1, 0, 12;
    %assign/vec4 v000002551cf61840_0, 0;
    %jmp T_1.1;
T_1.0 ;
    %load/vec4 v000002551cf626a0_0;
    %flag_set/vec4 8;
    %jmp/0xz  T_1.2, 8;
    %load/vec4 v000002551cf616b0_0;
    %pad/u 32;
    %ix/load 4, 6, 0;
    %flag_set/imm 4, 0;
    %shiftl 4;
    %load/vec4 v000002551cf616b0_0;
    %pad/u 32;
    %ix/load 4, 4, 0;
    %flag_set/imm 4, 0;
    %shiftl 4;
    %add;
    %load/vec4 v000002551cf62240_0;
    %pad/u 32;
    %ix/load 4, 3, 0;
    %flag_set/imm 4, 0;
    %shiftr 4;
    %add;
    %addi 1, 0, 32;
    %pad/u 13;
    %assign/vec4 v000002551cf61ac0_0, 0;
    %load/vec4 v000002551cf62380_0;
    %assign/vec4 v000002551cf61840_0, 0;
T_1.2 ;
T_1.1 ;
    %jmp T_1;
    .thread T_1;
    .scope S_000002551cf613e0;
T_2 ;
    %wait E_000002551cf56200;
    %load/vec4 v000002551cf62240_0;
    %pad/u 3;
    %cmpi/e 5, 0, 3;
    %jmp/0xz  T_2.0, 4;
    %load/vec4 v000002551cf61ac0_0;
    %pad/u 14;
    %ix/vec4 4;
    %load/vec4a v000002551cf62060, 4;
    %assign/vec4 v000002551cf6b030_0, 0;
T_2.0 ;
    %jmp T_2;
    .thread T_2;
    .scope S_000002551cf613e0;
T_3 ;
    %wait E_000002551cf56200;
    %load/vec4 v000002551cf62240_0;
    %pad/u 3;
    %cmpi/e 6, 0, 3;
    %jmp/0xz  T_3.0, 4;
    %load/vec4 v000002551cf6b030_0;
    %pad/u 11;
    %ix/load 4, 3, 0;
    %flag_set/imm 4, 0;
    %shiftl 4;
    %load/vec4 v000002551cf61840_0;
    %pad/u 3;
    %pad/u 11;
    %add;
    %assign/vec4 v000002551cf61fc0_0, 0;
T_3.0 ;
    %jmp T_3;
    .thread T_3;
    .scope S_000002551cf6ac70;
T_4 ;
    %pushi/vec4 0, 0, 1;
    %store/vec4 v000002551cf61e80_0, 0, 1;
T_4.0 ;
    %delay 10, 0;
    %load/vec4 v000002551cf61e80_0;
    %inv;
    %store/vec4 v000002551cf61e80_0, 0, 1;
    %jmp T_4.0;
    %end;
    .thread T_4;
    .scope S_000002551cf6ac70;
T_5 ;
    %vpi_call/w 3 26 "$dumpvars" {0 0 0};
    %pushi/vec4 1, 0, 1;
    %store/vec4 v000002551cf61b60_0, 0, 1;
    %pushi/vec4 2, 0, 32;
T_5.0 %dup/vec4;
    %pushi/vec4 0, 0, 32;
    %cmp/s;
    %jmp/1xz T_5.1, 5;
    %jmp/1 T_5.1, 4;
    %pushi/vec4 1, 0, 32;
    %sub;
    %wait E_000002551cf56200;
    %jmp T_5.0;
T_5.1 ;
    %pop/vec4 1;
    %pushi/vec4 0, 0, 1;
    %store/vec4 v000002551cf61b60_0, 0, 1;
    %pushi/vec4 0, 0, 12;
    %store/vec4 v000002551cf622e0_0, 0, 12;
    %pushi/vec4 0, 0, 12;
    %store/vec4 v000002551cf61980_0, 0, 12;
    %fork t_1, S_000002551cf6ae00;
    %jmp t_0;
    .scope S_000002551cf6ae00;
t_1 ;
    %pushi/vec4 0, 0, 32;
    %store/vec4 v000002551cf56c80_0, 0, 32;
T_5.2 ;
    %load/vec4 v000002551cf56c80_0;
    %cmpi/s 3000, 0, 32;
    %jmp/0xz T_5.3, 5;
    %wait E_000002551cf56200;
    %load/vec4 v000002551cf622e0_0;
    %pad/u 32;
    %cmpi/e 639, 0, 32;
    %jmp/0xz  T_5.4, 4;
    %pushi/vec4 0, 0, 12;
    %store/vec4 v000002551cf622e0_0, 0, 12;
    %load/vec4 v000002551cf61980_0;
    %pad/u 32;
    %cmpi/e 479, 0, 32;
    %jmp/0xz  T_5.6, 4;
    %pushi/vec4 0, 0, 12;
    %store/vec4 v000002551cf61980_0, 0, 12;
    %pushi/vec4 0, 0, 12;
    %store/vec4 v000002551cf622e0_0, 0, 12;
    %jmp T_5.7;
T_5.6 ;
    %load/vec4 v000002551cf61980_0;
    %addi 1, 0, 12;
    %store/vec4 v000002551cf61980_0, 0, 12;
T_5.7 ;
    %jmp T_5.5;
T_5.4 ;
    %load/vec4 v000002551cf622e0_0;
    %addi 1, 0, 12;
    %store/vec4 v000002551cf622e0_0, 0, 12;
T_5.5 ;
    ; show_stmt_assign_vector: Get l-value for compressed += operand
    %load/vec4 v000002551cf56c80_0;
    %pushi/vec4 1, 0, 32;
    %add;
    %cast2;
    %store/vec4 v000002551cf56c80_0, 0, 32;
    %jmp T_5.2;
T_5.3 ;
    %end;
    .scope S_000002551cf6ac70;
t_0 %join;
    %vpi_call/w 3 53 "$display", "\012" {0 0 0};
    %vpi_call/w 3 57 "$finish" {0 0 0};
    %end;
    .thread T_5;
    .scope S_000002551cf6ac70;
T_6 ;
    %wait E_000002551cf566c0;
    %load/vec4 v000002551cf62100_0;
    %assign/vec4 v000002551cf61f20_0, 0;
    %jmp T_6;
    .thread T_6, $push;
    .scope S_000002551cf6ac70;
T_7 ;
    %vpi_call/w 3 75 "$dumpfile", "simulation.vcd" {0 0 0};
    %vpi_call/w 3 76 "$dumpvars", 32'sb00000000000000000000000000000000, S_000002551cf6ac70 {0 0 0};
    %end;
    .thread T_7;
# The file index is used to find the file name in the following table.
:file_names 5;
    "N/A";
    "<interactive>";
    "-";
    "testbench.v";
    "my_module.v";
